
Mar 03, 2024 15:11:57.54 NEW SESSION
Mar 03, 2024 15:11:57.54 INFO: Created TensorFlow Lite XNNPACK delegate for CPU.
Mar 03, 2024 15:15:26.58 INFO: Created TensorFlow Lite XNNPACK delegate for CPU.
Mar 03, 2024 15:34:11.30 [8064:7028:0303/153411.305:ERROR:device_event_log_impl.cc(192)] [15:34:11.305] USB: usb_service_win.cc:105 SetupDiGetDeviceProperty({{A45C254E-DF1C-4EFD-8020-67D146A850E0}, 6}) failed: Element not found. (0x490)

Mar 03, 2024 18:16:01.77 NEW SESSION
Mar 03, 2024 18:16:01.77 INFO: Created TensorFlow Lite XNNPACK delegate for CPU.
Mar 03, 2024 18:41:58.57 [19348:12748:0303/184158.572:ERROR:connection_factory_impl.cc(478)] ConnectionHandler failed with net error: -2
Mar 03, 2024 18:41:58.62 [19348:12748:0303/184158.628:ERROR:connection_factory_impl.cc(434)] Failed to connect to MCS endpoint with error -105

Mar 03, 2024 19:22:11.71 NEW SESSION
Mar 03, 2024 19:22:11.71 INFO: Created TensorFlow Lite XNNPACK delegate for CPU.
Mar 03, 2024 19:35:38.57 [15660:12196:0303/193538.574:ERROR:device_event_log_impl.cc(192)] [19:35:38.573] USB: usb_service_win.cc:105 SetupDiGetDeviceProperty({{A45C254E-DF1C-4EFD-8020-67D146A850E0}, 6}) failed: Element not found. (0x490)

Mar 03, 2024 20:09:59.51 NEW SESSION
Mar 03, 2024 20:09:59.51 INFO: Created TensorFlow Lite XNNPACK delegate for CPU.
Mar 03, 2024 20:29:44.95 [14072:18868:0303/202944.957:ERROR:connection_factory_impl.cc(478)] ConnectionHandler failed with net error: -2
Mar 03, 2024 20:30:07.78 [14072:18868:0303/203007.785:ERROR:connection_factory_impl.cc(478)] ConnectionHandler failed with net error: -2
Mar 03, 2024 20:30:15.23 [14072:18868:0303/203015.232:ERROR:connection_factory_impl.cc(434)] Failed to connect to MCS endpoint with error -105
Mar 03, 2024 20:30:16.47 [14072:13304:0303/203016.476:ERROR:device_event_log_impl.cc(192)] [20:30:16.411] USB: usb_service_win.cc:105 SetupDiGetDeviceProperty({{A45C254E-DF1C-4EFD-8020-67D146A850E0}, 6}) failed: Element not found. (0x490)

Mar 03, 2024 21:58:44.72 NEW SESSION
Mar 03, 2024 21:58:44.72 INFO: Created TensorFlow Lite XNNPACK delegate for CPU.

Mar 04, 2024 10:41:05.76 NEW SESSION
Mar 04, 2024 10:41:05.76 INFO: Created TensorFlow Lite XNNPACK delegate for CPU.

Mar 10, 2024 18:04:31.79 NEW SESSION
Mar 10, 2024 18:04:31.79 INFO: Created TensorFlow Lite XNNPACK delegate for CPU.

Mar 16, 2024 08:42:24.61 NEW SESSION
Mar 16, 2024 08:42:24.61 INFO: Created TensorFlow Lite XNNPACK delegate for CPU.

Mar 30, 2024 20:12:24.95 NEW SESSION
Mar 30, 2024 20:12:24.95 INFO: Created TensorFlow Lite XNNPACK delegate for CPU.
Mar 30, 2024 20:22:06.37 INFO: Created TensorFlow Lite XNNPACK delegate for CPU.
Mar 30, 2024 20:35:07.97 INFO: Created TensorFlow Lite XNNPACK delegate for CPU.
Mar 30, 2024 20:45:23.53 [449668:449672:0330/204523.535:ERROR:device_event_log_impl.cc(195)] [20:45:23.535] USB: usb_service_win.cc:105 SetupDiGetDeviceProperty({{A45C254E-DF1C-4EFD-8020-67D146A850E0}, 6}) failed: Element not found. (0x490)
Mar 30, 2024 21:02:57.19 INFO: Created TensorFlow Lite XNNPACK delegate for CPU.
Mar 30, 2024 21:12:11.09 INFO: Created TensorFlow Lite XNNPACK delegate for CPU.
Mar 30, 2024 21:18:59.68 INFO: Created TensorFlow Lite XNNPACK delegate for CPU.
Mar 30, 2024 21:50:15.78 INFO: Created TensorFlow Lite XNNPACK delegate for CPU.

Mar 30, 2024 23:45:43.61 NEW SESSION
Mar 30, 2024 23:45:43.61 INFO: Created TensorFlow Lite XNNPACK delegate for CPU.
Mar 31, 2024 24:15:21.79 INFO: Created TensorFlow Lite XNNPACK delegate for CPU.

Mar 31, 2024 09:43:26.61 NEW SESSION
Mar 31, 2024 09:43:26.61 INFO: Created TensorFlow Lite XNNPACK delegate for CPU.
Mar 31, 2024 09:43:42.36 [144608:119044:0331/094342.363:ERROR:connection_factory_impl.cc(434)] Failed to connect to MCS endpoint with error -105
Mar 31, 2024 09:44:23.15 [144608:119044:0331/094423.155:ERROR:connection_factory_impl.cc(434)] Failed to connect to MCS endpoint with error -105

Mar 31, 2024 21:05:35.68 NEW SESSION
Mar 31, 2024 21:05:35.68 INFO: Created TensorFlow Lite XNNPACK delegate for CPU.
Mar 31, 2024 23:31:27.31 INFO: Created TensorFlow Lite XNNPACK delegate for CPU.
Mar 31, 2024 23:40:36.32 [55896:54464:0331/234036.327:ERROR:connection_factory_impl.cc(483)] ConnectionHandler failed with net error: -2
Mar 31, 2024 23:41:06.59 [55896:54464:0331/234106.595:ERROR:connection_factory_impl.cc(434)] Failed to connect to MCS endpoint with error -7
Mar 31, 2024 23:45:30.93 [55896:54464:0331/234530.932:ERROR:connection_factory_impl.cc(483)] ConnectionHandler failed with net error: -2
Mar 31, 2024 23:49:17.03 [55896:54464:0331/234917.036:ERROR:connection_factory_impl.cc(483)] ConnectionHandler failed with net error: -2
Mar 31, 2024 23:51:33.34 [55896:54464:0331/235133.344:ERROR:connection_factory_impl.cc(483)] ConnectionHandler failed with net error: -2

Apr 01, 2024 11:50:17.94 NEW SESSION
Apr 01, 2024 11:50:17.94 INFO: Created TensorFlow Lite XNNPACK delegate for CPU.
Apr 01, 2024 11:51:54.86 INFO: Created TensorFlow Lite XNNPACK delegate for CPU.
Apr 01, 2024 12:53:41.74 [333272:336732:0401/125341.740:ERROR:connection_factory_impl.cc(483)] ConnectionHandler failed with net error: -2
Apr 01, 2024 12:53:42.26 [333272:336732:0401/125342.264:ERROR:connection_factory_impl.cc(434)] Failed to connect to MCS endpoint with error -105
Apr 01, 2024 14:06:44.22 INFO: Created TensorFlow Lite XNNPACK delegate for CPU.
Apr 01, 2024 14:08:07.73 INFO: Created TensorFlow Lite XNNPACK delegate for CPU.
Apr 01, 2024 14:08:07.99 [755316:755376:0401/140807.996:ERROR:connection_factory_impl.cc(434)] Failed to connect to MCS endpoint with error -105
Apr 01, 2024 14:08:33.66 [755316:755376:0401/140833.669:ERROR:connection_factory_impl.cc(434)] Failed to connect to MCS endpoint with error -105
Apr 01, 2024 14:09:28.42 [755316:755376:0401/140928.429:ERROR:connection_factory_impl.cc(434)] Failed to connect to MCS endpoint with error -105
Apr 01, 2024 14:11:16.64 [755316:755376:0401/141116.645:ERROR:connection_factory_impl.cc(434)] Failed to connect to MCS endpoint with error -105
Apr 01, 2024 14:11:52.72 [755316:755376:0401/141152.728:ERROR:connection_factory_impl.cc(434)] Failed to connect to MCS endpoint with error -105
Apr 01, 2024 14:11:58.98 [755316:755376:0401/141158.983:ERROR:connection_factory_impl.cc(434)] Failed to connect to MCS endpoint with error -105
Apr 01, 2024 14:12:02.45 [755316:755376:0401/141202.454:ERROR:connection_factory_impl.cc(434)] Failed to connect to MCS endpoint with error -105

Apr 01, 2024 17:45:40.27 NEW SESSION
Apr 01, 2024 17:45:40.27 INFO: Created TensorFlow Lite XNNPACK delegate for CPU.
Apr 01, 2024 19:32:43.02 INFO: Created TensorFlow Lite XNNPACK delegate for CPU.
Apr 01, 2024 19:39:30.04 INFO: Created TensorFlow Lite XNNPACK delegate for CPU.

Apr 01, 2024 21:06:01.15 NEW SESSION
Apr 01, 2024 21:06:01.15 INFO: Created TensorFlow Lite XNNPACK delegate for CPU.
Apr 01, 2024 21:06:33.36 INFO: Created TensorFlow Lite XNNPACK delegate for CPU.
Apr 01, 2024 21:07:50.51 INFO: Created TensorFlow Lite XNNPACK delegate for CPU.
Apr 01, 2024 21:12:34.25 INFO: Created TensorFlow Lite XNNPACK delegate for CPU.
Apr 01, 2024 21:19:14.68 INFO: Created TensorFlow Lite XNNPACK delegate for CPU.

Apr 01, 2024 22:39:54.09 NEW SESSION
Apr 01, 2024 22:39:54.09 INFO: Created TensorFlow Lite XNNPACK delegate for CPU.
Apr 01, 2024 22:41:30.71 INFO: Created TensorFlow Lite XNNPACK delegate for CPU.
Apr 01, 2024 22:46:41.47 INFO: Created TensorFlow Lite XNNPACK delegate for CPU.
Apr 01, 2024 22:50:00.69 INFO: Created TensorFlow Lite XNNPACK delegate for CPU.

Apr 02, 2024 11:15:30.69 NEW SESSION
Apr 02, 2024 11:15:30.69 INFO: Created TensorFlow Lite XNNPACK delegate for CPU.
